<?xml version="1.0" encoding="UTF-8"?>
<!-- Generated by org.testng.reporters.JUnitReportReporter -->
<testsuite hostname="Hoctor-PC" name="com.touyun.core.id.GeneratorTest" tests="1" failures="0" timestamp="4 Jun 2016 07:11:44 GMT" time="0.032" errors="0">
  <testcase name="getMixedTagSequence" time="0.032" classname="com.touyun.core.id.GeneratorTest"/>
</testsuite> <!-- com.touyun.core.id.GeneratorTest -->
