<?xml version="1.0" encoding="UTF-8"?>
<!-- Generated by org.testng.reporters.JUnitReportReporter -->
<testsuite hostname="Hoctor-PC" name="com.touyun.core.id.TagBuilderTest" tests="1" failures="0" timestamp="8 Jun 2016 14:32:10 GMT" time="18.079" errors="0">
  <testcase name="codeVersion1Test" time="18.079" classname="com.touyun.core.id.TagBuilderTest"/>
</testsuite> <!-- com.touyun.core.id.TagBuilderTest -->
