<?xml version="1.0" encoding="UTF-8"?>
<!-- Generated by org.testng.reporters.JUnitReportReporter -->
<testsuite hostname="Hoctor-PC" name="com.xinma.base.tag.TagBuilderTest" tests="1" failures="0" timestamp="9 Jun 2016 13:07:09 GMT" time="26.711" errors="0">
  <testcase name="codeVersion1Test" time="26.711" classname="com.xinma.base.tag.TagBuilderTest"/>
</testsuite> <!-- com.xinma.base.tag.TagBuilderTest -->
