<?xml version="1.0" encoding="UTF-8"?>
<!-- Generated by org.testng.reporters.JUnitReportReporter -->
<testsuite hostname="Hoctor-PC" name="com.xinma.base.tag.TagBuilderTest" tests="1" failures="0" timestamp="18 Jul 2016 03:23:33 GMT" time="16.944" errors="0">
  <testcase name="codeVersion1Test" time="16.944" classname="com.xinma.base.tag.TagBuilderTest"/>
</testsuite> <!-- com.xinma.base.tag.TagBuilderTest -->
